<?xml version="1.0" encoding="UTF-8"?>
<!-- Generated by org.testng.reporters.JUnitReportReporter -->
<testsuite skipped="0" hostname="MUSTAFA-MacBook-Air.local" name="com.qa.orangehrm.tests.AddEmployeeTest" tests="10" failures="0" timestamp="2021-03-17T03:42:30 EET" time="212.268" errors="0">
  <testcase name="addEmployee_3" time="22.926" classname="com.qa.orangehrm.tests.AddEmployeeTest"/>
  <system-out/>
  <testcase name="addEmployee_3" time="17.888" classname="com.qa.orangehrm.tests.AddEmployeeTest"/>
  <system-out/>
  <testcase name="addEmployee_3" time="17.833" classname="com.qa.orangehrm.tests.AddEmployeeTest"/>
  <system-out/>
  <testcase name="checkEmployeeTest" time="23.168" classname="com.qa.orangehrm.tests.AddEmployeeTest"/>
  <system-out/>
  <testcase name="checkEmployeeTest" time="23.317" classname="com.qa.orangehrm.tests.AddEmployeeTest"/>
  <system-out/>
  <testcase name="addEmployee_3" time="17.892" classname="com.qa.orangehrm.tests.AddEmployeeTest"/>
  <system-out/>
  <testcase name="addEmployee_3" time="17.560" classname="com.qa.orangehrm.tests.AddEmployeeTest"/>
  <system-out/>
  <testcase name="checkEmployeeTest" time="23.365" classname="com.qa.orangehrm.tests.AddEmployeeTest"/>
  <system-out/>
  <testcase name="checkEmployeeTest" time="23.345" classname="com.qa.orangehrm.tests.AddEmployeeTest"/>
  <system-out/>
  <testcase name="checkEmployeeTest" time="24.974" classname="com.qa.orangehrm.tests.AddEmployeeTest"/>
  <system-out/>
</testsuite> <!-- com.qa.orangehrm.tests.AddEmployeeTest -->
