<?xml version="1.0" encoding="UTF-8"?>
<!-- Generated by org.testng.reporters.JUnitReportReporter -->
<testsuite skipped="0" hostname="MUSTAFA-MacBook-Air.local" name="com.qa.orangehrm.tests.LoginPageTest" tests="4" failures="0" timestamp="2021-03-16T23:41:29 EET" time="70.553" errors="0">
  <testcase name="loginTest" time="18.084" classname="com.qa.orangehrm.tests.LoginPageTest"/>
  <system-out/>
  <testcase name="loginTest" time="17.628" classname="com.qa.orangehrm.tests.LoginPageTest"/>
  <system-out/>
  <testcase name="loginTest2" time="21.374" classname="com.qa.orangehrm.tests.LoginPageTest"/>
  <system-out/>
  <testcase name="loginTest2" time="13.467" classname="com.qa.orangehrm.tests.LoginPageTest"/>
  <system-out/>
</testsuite> <!-- com.qa.orangehrm.tests.LoginPageTest -->
